<?xml version="1.0" encoding="utf-8"?><testsuites name="pytest tests"><testsuite name="pytest" errors="0" failures="0" skipped="0" tests="33" time="18.685" timestamp="2026-03-22T11:59:51.078019+00:00" hostname="agent-env-4a0259b6-d8a5-451b-b2e4-f1285d411e78"><testcase classname="backend.tests.test_gaming_trilogy.TestAuthentication" name="test_login_success" time="4.637" /><testcase classname="backend.tests.test_gaming_trilogy.TestSpeedDialer" name="test_start_game_easy" time="0.756" /><testcase classname="backend.tests.test_gaming_trilogy.TestSpeedDialer" name="test_start_game_medium" time="0.150" /><testcase classname="backend.tests.test_gaming_trilogy.TestSpeedDialer" name="test_start_game_hard" time="0.155" /><testcase classname="backend.tests.test_gaming_trilogy.TestSpeedDialer" name="test_start_game_chaos_mode" time="0.165" /><testcase classname="backend.tests.test_gaming_trilogy.TestSpeedDialer" name="test_submit_correct_answer" time="1.308" /><testcase classname="backend.tests.test_gaming_trilogy.TestSpeedDialer" name="test_submit_wrong_answer" time="1.281" /><testcase classname="backend.tests.test_gaming_trilogy.TestSpeedDialer" name="test_anti_cheat_too_fast" time="0.424" /><testcase classname="backend.tests.test_gaming_trilogy.TestSpeedDialer" name="test_get_stats" time="0.229" /><testcase classname="backend.tests.test_gaming_trilogy.TestSpeedDialer" name="test_get_leaderboard" time="0.240" /><testcase classname="backend.tests.test_gaming_trilogy.TestSpeedDialer" name="test_get_leaderboard_by_difficulty" time="0.925" /><testcase classname="backend.tests.test_gaming_trilogy.TestSpeedDialer" name="test_invalid_difficulty" time="0.368" /><testcase classname="backend.tests.test_gaming_trilogy.TestPhishFinder" name="test_get_challenge" time="0.695" /><testcase classname="backend.tests.test_gaming_trilogy.TestPhishFinder" name="test_submit_correct_phish_answer" time="0.460" /><testcase classname="backend.tests.test_gaming_trilogy.TestPhishFinder" name="test_speed_bonus_calculation" time="0.287" /><testcase classname="backend.tests.test_gaming_trilogy.TestPhishFinder" name="test_get_stats" time="0.143" /><testcase classname="backend.tests.test_gaming_trilogy.TestPhishFinder" name="test_get_leaderboard" time="0.157" /><testcase classname="backend.tests.test_gaming_trilogy.TestDuelSystem" name="test_get_duel_feed_pending" time="0.194" /><testcase classname="backend.tests.test_gaming_trilogy.TestDuelSystem" name="test_get_duel_feed_completed" time="0.147" /><testcase classname="backend.tests.test_gaming_trilogy.TestDuelSystem" name="test_get_active_duels" time="0.627" /><testcase classname="backend.tests.test_gaming_trilogy.TestDuelSystem" name="test_get_duel_stats" time="0.166" /><testcase classname="backend.tests.test_gaming_trilogy.TestDuelSystem" name="test_create_duel_insufficient_xp" time="0.254" /><testcase classname="backend.tests.test_gaming_trilogy.TestDuelSystem" name="test_create_duel_below_minimum" time="0.161" /><testcase classname="backend.tests.test_gaming_trilogy.TestDuelSystem" name="test_create_duel_above_maximum" time="0.158" /><testcase classname="backend.tests.test_gaming_trilogy.TestDuelSystem" name="test_create_and_cancel_duel" time="0.736" /><testcase classname="backend.tests.test_gaming_trilogy.TestDuelSystem" name="test_cannot_accept_own_duel" time="0.572" /><testcase classname="backend.tests.test_gaming_trilogy.TestDuelSystem" name="test_invalid_difficulty_duel" time="0.157" /><testcase classname="backend.tests.test_gaming_trilogy.TestGamificationIntegration" name="test_get_profile" time="0.628" /><testcase classname="backend.tests.test_gaming_trilogy.TestGamificationIntegration" name="test_get_achievements" time="0.166" /><testcase classname="backend.tests.test_gaming_trilogy.TestGamificationIntegration" name="test_get_leaderboard" time="0.205" /><testcase classname="backend.tests.test_gaming_trilogy.TestGamificationIntegration" name="test_daily_login" time="0.153" /><testcase classname="backend.tests.test_gaming_trilogy.TestXPEscrowSystem" name="test_xp_lock_on_duel_create" time="1.108" /><testcase classname="backend.tests.test_gaming_trilogy.TestXPEscrowSystem" name="test_xp_unlock_on_duel_cancel" time="0.604" /></testsuite></testsuites>