<?xml version="1.0" encoding="utf-8"?><testsuites name="pytest tests"><testsuite name="pytest" errors="0" failures="0" skipped="0" tests="26" time="32.181" timestamp="2026-03-18T15:04:52.962318+00:00" hostname="agent-env-4a0259b6-d8a5-451b-b2e4-f1285d411e78"><testcase classname="backend.tests.test_birthday_features.TestBirthdayCardTemplates" name="test_get_card_templates_returns_success" time="23.278" /><testcase classname="backend.tests.test_birthday_features.TestBirthdayCardTemplates" name="test_get_card_templates_returns_18_templates" time="0.232" /><testcase classname="backend.tests.test_birthday_features.TestBirthdayCardTemplates" name="test_card_templates_structure" time="0.432" /><testcase classname="backend.tests.test_birthday_features.TestBirthdayCardTemplates" name="test_specific_template_ids_exist" time="0.316" /><testcase classname="backend.tests.test_birthday_features.TestBirthdayStatus" name="test_birthday_status_requires_auth" time="0.278" /><testcase classname="backend.tests.test_birthday_features.TestBirthdayStatus" name="test_birthday_status_returns_success" time="1.165" /><testcase classname="backend.tests.test_birthday_features.TestBirthdayStatus" name="test_birthday_status_structure" time="0.148" /><testcase classname="backend.tests.test_birthday_features.TestBirthdayStatus" name="test_birthday_status_is_birthday_today" time="0.179" /><testcase classname="backend.tests.test_birthday_features.TestBirthdayWishes" name="test_my_wishes_requires_auth" time="0.197" /><testcase classname="backend.tests.test_birthday_features.TestBirthdayWishes" name="test_my_wishes_returns_success" time="0.187" /><testcase classname="backend.tests.test_birthday_features.TestBirthdayWishes" name="test_my_wishes_structure" time="0.132" /><testcase classname="backend.tests.test_birthday_features.TestBirthdayWishes" name="test_send_wish_requires_auth" time="0.233" /><testcase classname="backend.tests.test_birthday_features.TestBirthdayWishes" name="test_send_wish_validation" time="0.164" /><testcase classname="backend.tests.test_birthday_features.TestBirthdayGifts" name="test_my_gifts_requires_auth" time="0.162" /><testcase classname="backend.tests.test_birthday_features.TestBirthdayGifts" name="test_my_gifts_returns_success" time="0.201" /><testcase classname="backend.tests.test_birthday_features.TestBirthdayGifts" name="test_my_gifts_structure" time="0.142" /><testcase classname="backend.tests.test_birthday_features.TestBirthdayGifts" name="test_send_gift_requires_auth" time="0.149" /><testcase classname="backend.tests.test_birthday_features.TestBirthdayGifts" name="test_send_gift_validation" time="0.166" /><testcase classname="backend.tests.test_birthday_features.TestUpcomingBirthdays" name="test_upcoming_birthdays_requires_auth" time="0.159" /><testcase classname="backend.tests.test_birthday_features.TestUpcomingBirthdays" name="test_upcoming_birthdays_returns_success" time="0.140" /><testcase classname="backend.tests.test_birthday_features.TestUpcomingBirthdays" name="test_upcoming_birthdays_structure" time="0.165" /><testcase classname="backend.tests.test_birthday_features.TestCheckBirthdays" name="test_check_birthdays_returns_success" time="0.622" /><testcase classname="backend.tests.test_birthday_features.TestCheckBirthdays" name="test_check_birthdays_structure" time="0.465" /><testcase classname="backend.tests.test_birthday_features.TestCheckBirthdays" name="test_check_birthdays_finds_test_user" time="0.419" /><testcase classname="backend.tests.test_birthday_features.TestBirthdayDiscount" name="test_birthday_discount_created_after_check" time="0.694" /><testcase classname="backend.tests.test_birthday_features.TestBirthdayAdminWish" name="test_admin_wish_appears_in_wishes" time="0.717" /></testsuite></testsuites>