<?xml version="1.0" encoding="utf-8"?><testsuites name="pytest tests"><testsuite name="pytest" errors="0" failures="0" skipped="0" tests="11" time="45.844" timestamp="2026-03-22T19:40:05.437317+00:00" hostname="agent-env-4a0259b6-d8a5-451b-b2e4-f1285d411e78"><testcase classname="backend.tests.test_coop_stack.TestCoOpStackAPIs" name="test_01_login_success" time="29.197" /><testcase classname="backend.tests.test_coop_stack.TestCoOpStackAPIs" name="test_02_create_coop_room" time="2.056" /><testcase classname="backend.tests.test_coop_stack.TestCoOpStackAPIs" name="test_03_get_room_info" time="1.143" /><testcase classname="backend.tests.test_coop_stack.TestCoOpStackAPIs" name="test_04_get_room_not_found" time="1.254" /><testcase classname="backend.tests.test_coop_stack.TestCoOpStackAPIs" name="test_05_join_own_room" time="1.525" /><testcase classname="backend.tests.test_coop_stack.TestCoOpStackAPIs" name="test_06_join_nonexistent_room" time="1.195" /><testcase classname="backend.tests.test_coop_stack.TestCoOpStackAPIs" name="test_07_get_active_rooms" time="2.330" /><testcase classname="backend.tests.test_coop_stack.TestCoOpStackAPIs" name="test_08_room_has_host_info" time="1.740" /><testcase classname="backend.tests.test_coop_stack.TestCoOpStackAPIs" name="test_09_room_xp_pot_validation" time="1.202" /><testcase classname="backend.tests.test_coop_stack.TestCoOpStackAPIs" name="test_10_room_case_insensitive_join" time="1.132" /><testcase classname="backend.tests.test_coop_stack.TestCoOpStackCombatCard" name="test_combat_card_endpoint" time="1.292" /></testsuite></testsuites>