<?xml version="1.0" encoding="utf-8"?><testsuites name="pytest tests"><testsuite name="pytest" errors="0" failures="0" skipped="0" tests="14" time="13.960" timestamp="2026-03-15T18:44:58.367790+00:00" hostname="agent-env-4a0259b6-d8a5-451b-b2e4-f1285d411e78"><testcase classname="backend.tests.test_ai_features.TestSmartReplies" name="test_smart_replies_basic" time="4.648" /><testcase classname="backend.tests.test_ai_features.TestSmartReplies" name="test_smart_replies_with_conversation_history" time="1.326" /><testcase classname="backend.tests.test_ai_features.TestSmartReplies" name="test_smart_replies_question_response" time="1.107" /><testcase classname="backend.tests.test_ai_features.TestSmartReplies" name="test_smart_replies_unauthorized" time="0.167" /><testcase classname="backend.tests.test_ai_features.TestTranslation" name="test_translate_to_spanish" time="0.798" /><testcase classname="backend.tests.test_ai_features.TestTranslation" name="test_translate_to_french" time="0.787" /><testcase classname="backend.tests.test_ai_features.TestTranslation" name="test_translate_to_german" time="0.701" /><testcase classname="backend.tests.test_ai_features.TestTranslation" name="test_translate_to_japanese" time="0.835" /><testcase classname="backend.tests.test_ai_features.TestTranslation" name="test_translate_to_chinese" time="1.058" /><testcase classname="backend.tests.test_ai_features.TestTranslation" name="test_translate_unauthorized" time="0.244" /><testcase classname="backend.tests.test_ai_features.TestTranslation" name="test_translate_missing_text" time="0.167" /><testcase classname="backend.tests.test_ai_features.TestTranslation" name="test_translate_missing_target_language" time="0.161" /><testcase classname="backend.tests.test_ai_features.TestAPIIntegration" name="test_smart_replies_response_format" time="1.187" /><testcase classname="backend.tests.test_ai_features.TestAPIIntegration" name="test_translate_response_format" time="0.565" /></testsuite></testsuites>