<?xml version="1.0" encoding="utf-8"?><testsuites name="pytest tests"><testsuite name="pytest" errors="0" failures="0" skipped="0" tests="16" time="28.938" timestamp="2026-03-19T11:24:03.029202+00:00" hostname="agent-env-4a0259b6-d8a5-451b-b2e4-f1285d411e78"><testcase classname="tests.test_enterprise_features.TestSupportChat" name="test_chat_send_message_basic" time="14.594" /><testcase classname="tests.test_enterprise_features.TestSupportChat" name="test_chat_send_message_with_session" time="3.216" /><testcase classname="tests.test_enterprise_features.TestSupportChat" name="test_chat_escalate_to_human" time="3.167" /><testcase classname="tests.test_enterprise_features.TestSupportChat" name="test_get_support_tickets" time="0.220" /><testcase classname="tests.test_enterprise_features.TestSupportChat" name="test_clear_chat_session" time="1.365" /><testcase classname="tests.test_enterprise_features.TestPrivacySettings" name="test_get_privacy_settings_default" time="0.298" /><testcase classname="tests.test_enterprise_features.TestPrivacySettings" name="test_update_privacy_settings_stealth_mode" time="0.483" /><testcase classname="tests.test_enterprise_features.TestPrivacySettings" name="test_update_privacy_settings_mask_numbers" time="0.192" /><testcase classname="tests.test_enterprise_features.TestPrivacySettings" name="test_update_privacy_settings_both" time="0.276" /><testcase classname="tests.test_enterprise_features.TestPrivacySettings" name="test_mask_number_endpoint_enabled" time="0.556" /><testcase classname="tests.test_enterprise_features.TestPrivacySettings" name="test_mask_number_endpoint_disabled" time="0.352" /><testcase classname="tests.test_enterprise_features.TestMaintenancePage" name="test_maintenance_page_accessible" time="0.001" /><testcase classname="tests.test_enterprise_features.TestPortfolioAnalyticsDependencies" name="test_sms_inbox_api" time="0.938" /><testcase classname="tests.test_enterprise_features.TestPortfolioAnalyticsDependencies" name="test_calls_history_api" time="0.973" /><testcase classname="tests.test_enterprise_features.TestPortfolioAnalyticsDependencies" name="test_my_numbers_api" time="1.071" /><testcase classname="tests.test_enterprise_features.TestWalletForZeroBalance" name="test_wallet_balance_api" time="0.939" /></testsuite></testsuites>