<?xml version="1.0" encoding="utf-8"?><testsuites name="pytest tests"><testsuite name="pytest" errors="0" failures="0" skipped="0" tests="14" time="13.617" timestamp="2026-03-22T10:39:33.223299+00:00" hostname="agent-env-4a0259b6-d8a5-451b-b2e4-f1285d411e78"><testcase classname="backend.tests.test_gaming_features.TestGamificationProfile" name="test_get_profile_success" time="10.271" /><testcase classname="backend.tests.test_gaming_features.TestGamificationProfile" name="test_get_profile_unauthorized" time="0.200" /><testcase classname="backend.tests.test_gaming_features.TestGamificationAchievements" name="test_get_achievements_success" time="0.178" /><testcase classname="backend.tests.test_gaming_features.TestGamificationLeaderboard" name="test_get_leaderboard_success" time="0.203" /><testcase classname="backend.tests.test_gaming_features.TestGamificationDailyLogin" name="test_daily_login_success" time="0.282" /><testcase classname="backend.tests.test_gaming_features.TestDailyChallengesCurrent" name="test_get_current_challenge_success" time="0.275" /><testcase classname="backend.tests.test_gaming_features.TestDailyChallengesCurrent" name="test_get_current_challenge_unauthorized" time="0.248" /><testcase classname="backend.tests.test_gaming_features.TestDailyChallengesLeaderboard" name="test_get_weekly_leaderboard_success" time="0.265" /><testcase classname="backend.tests.test_gaming_features.TestDailyChallengesLeaderboard" name="test_get_monthly_leaderboard_success" time="0.264" /><testcase classname="backend.tests.test_gaming_features.TestDailyChallengesMyStats" name="test_get_my_stats_success" time="0.194" /><testcase classname="backend.tests.test_gaming_features.TestDailyChallengesHistory" name="test_get_history_success" time="0.241" /><testcase classname="backend.tests.test_gaming_features.TestTeamChallenges" name="test_get_my_team_success" time="0.180" /><testcase classname="backend.tests.test_gaming_features.TestTeamChallenges" name="test_get_team_leaderboard_success" time="0.220" /><testcase classname="backend.tests.test_gaming_features.TestChallengeSubmission" name="test_submit_answer_structure" time="0.217" /></testsuite></testsuites>