<?xml version="1.0" encoding="utf-8"?><testsuites name="pytest tests"><testsuite name="pytest" errors="0" failures="0" skipped="1" tests="16" time="16.491" timestamp="2026-03-24T08:00:04.860913+00:00" hostname="agent-env-4a0259b6-d8a5-451b-b2e4-f1285d411e78"><testcase classname="backend.tests.test_northsms_verification.TestNorthSMSVerification" name="test_get_services_returns_10_services" time="6.542" /><testcase classname="backend.tests.test_northsms_verification.TestNorthSMSVerification" name="test_get_services_structure" time="0.662" /><testcase classname="backend.tests.test_northsms_verification.TestNorthSMSVerification" name="test_get_services_includes_popular_platforms" time="0.546" /><testcase classname="backend.tests.test_northsms_verification.TestNorthSMSVerification" name="test_get_services_requires_auth" time="0.568" /><testcase classname="backend.tests.test_northsms_verification.TestNorthSMSVerification" name="test_get_history_returns_orders" time="0.866" /><testcase classname="backend.tests.test_northsms_verification.TestNorthSMSVerification" name="test_get_history_with_limit" time="0.640" /><testcase classname="backend.tests.test_northsms_verification.TestNorthSMSVerification" name="test_get_history_requires_auth" time="0.680" /><testcase classname="backend.tests.test_northsms_verification.TestNorthSMSVerification" name="test_purchase_invalid_rate_id" time="0.617" /><testcase classname="backend.tests.test_northsms_verification.TestNorthSMSVerification" name="test_purchase_requires_auth" time="0.658" /><testcase classname="backend.tests.test_northsms_verification.TestNorthSMSVerification" name="test_purchase_with_valid_rate_id" time="1.096" /><testcase classname="backend.tests.test_northsms_verification.TestNorthSMSVerification" name="test_status_nonexistent_order" time="0.483" /><testcase classname="backend.tests.test_northsms_verification.TestNorthSMSVerification" name="test_status_requires_auth" time="0.843" /><testcase classname="backend.tests.test_northsms_verification.TestNorthSMSVerification" name="test_cancel_nonexistent_order" time="0.660" /><testcase classname="backend.tests.test_northsms_verification.TestNorthSMSVerification" name="test_cancel_requires_auth" time="0.677" /><testcase classname="backend.tests.test_northsms_verification.TestNorthSMSVerification" name="test_wallet_balance_endpoint" time="0.613" /><testcase classname="backend.tests.test_northsms_verification.TestNorthSMSInsufficientBalance" name="test_purchase_insufficient_balance" time="0.001"><skipped type="pytest.skip" message="Insufficient balance tests require special setup">/app/backend/tests/test_northsms_verification.py:229: Insufficient balance tests require special setup</skipped></testcase></testsuite></testsuites>