<?xml version="1.0" encoding="utf-8"?><testsuites name="pytest tests"><testsuite name="pytest" errors="0" failures="0" skipped="0" tests="12" time="6.593" timestamp="2026-03-18T11:02:55.370679+00:00" hostname="agent-env-4a0259b6-d8a5-451b-b2e4-f1285d411e78"><testcase classname="tests.test_notifications.TestNotificationSystem" name="test_get_unread_count" time="4.081" /><testcase classname="tests.test_notifications.TestNotificationSystem" name="test_get_user_notifications" time="0.174" /><testcase classname="tests.test_notifications.TestNotificationSystem" name="test_get_admin_users_list" time="0.164" /><testcase classname="tests.test_notifications.TestNotificationSystem" name="test_send_broadcast_notification" time="0.128" /><testcase classname="tests.test_notifications.TestNotificationSystem" name="test_mark_notification_as_read" time="0.248" /><testcase classname="tests.test_notifications.TestNotificationSystem" name="test_delete_notification" time="0.438" /><testcase classname="tests.test_notifications.TestNotificationSystem" name="test_toggle_broadcast_permission" time="0.430" /><testcase classname="tests.test_notifications.TestNotificationSystem" name="test_broadcast_without_auth" time="0.221" /><testcase classname="tests.test_notifications.TestNotificationSystem" name="test_mark_nonexistent_notification_as_read" time="0.146" /><testcase classname="tests.test_notifications.TestNotificationSystem" name="test_delete_nonexistent_notification" time="0.125" /><testcase classname="tests.test_notifications.TestNotificationSystem" name="test_admin_users_list_without_auth" time="0.126" /><testcase classname="tests.test_notifications.TestNotificationSystem" name="test_unread_count_without_auth" time="0.128" /></testsuite></testsuites>