<?xml version="1.0" encoding="utf-8"?><testsuites name="pytest tests"><testsuite name="pytest" errors="0" failures="0" skipped="1" tests="20" time="25.131" timestamp="2026-03-22T20:12:58.039851+00:00" hostname="agent-env-4a0259b6-d8a5-451b-b2e4-f1285d411e78"><testcase classname="tests.test_auto_taunt.TestAutoTauntSettings" name="test_get_auto_taunt_settings" time="15.276" /><testcase classname="tests.test_auto_taunt.TestAutoTauntSettings" name="test_update_auto_taunt_enable_toggle" time="1.809" /><testcase classname="tests.test_auto_taunt.TestAutoTauntSettings" name="test_update_taunt_style_honorable" time="0.980" /><testcase classname="tests.test_auto_taunt.TestAutoTauntSettings" name="test_update_taunt_style_ruthless" time="0.616" /><testcase classname="tests.test_auto_taunt.TestAutoTauntSettings" name="test_silence_style_tier_restriction" time="0.660" /><testcase classname="tests.test_auto_taunt.TestAutoTauntSettings" name="test_custom_message_tier_restriction" time="0.678" /><testcase classname="tests.test_auto_taunt.TestAutoTauntSettings" name="test_custom_message_200_char_limit" time="0.572"><skipped type="pytest.skip" message="User doesn't have Gold tier for custom messages">/app/backend/tests/test_auto_taunt.py:179: User doesn't have Gold tier for custom messages</skipped></testcase><testcase classname="tests.test_auto_taunt.TestAutoTauntSettings" name="test_empty_custom_message_allowed" time="0.717" /><testcase classname="tests.test_auto_taunt.TestTauntGenerator" name="test_tier_name_calculation" time="0.002" /><testcase classname="tests.test_auto_taunt.TestTauntGenerator" name="test_default_taunt_style_by_tier" time="0.001" /><testcase classname="tests.test_auto_taunt.TestTauntGenerator" name="test_taunt_generation_honorable" time="0.001" /><testcase classname="tests.test_auto_taunt.TestTauntGenerator" name="test_taunt_generation_ruthless" time="0.001" /><testcase classname="tests.test_auto_taunt.TestTauntGenerator" name="test_taunt_generation_silence" time="0.001" /><testcase classname="tests.test_auto_taunt.TestTauntGenerator" name="test_custom_message_override" time="0.001" /><testcase classname="tests.test_auto_taunt.TestTauntGenerator" name="test_tier_unlock_functions" time="0.001" /><testcase classname="tests.test_auto_taunt.TestCombatCard" name="test_get_combat_card" time="0.601" /><testcase classname="tests.test_auto_taunt.TestCombatCard" name="test_combat_card_not_found" time="0.601" /><testcase classname="tests.test_auto_taunt.TestDuelIntegration" name="test_duel_feed_endpoint" time="0.576" /><testcase classname="tests.test_auto_taunt.TestDuelIntegration" name="test_duel_stats_endpoint" time="0.582" /><testcase classname="tests.test_auto_taunt.TestProfileSettings" name="test_get_my_profile" time="0.774" /></testsuite></testsuites>