<?xml version="1.0" encoding="utf-8"?><testsuites name="pytest tests"><testsuite name="pytest" errors="0" failures="0" skipped="0" tests="31" time="8.799" timestamp="2026-03-17T02:13:02.301778+00:00" hostname="agent-env-4a0259b6-d8a5-451b-b2e4-f1285d411e78"><testcase classname="backend.tests.test_devil_features.TestMusicGenerator" name="test_get_genres_no_auth" time="2.197" /><testcase classname="backend.tests.test_devil_features.TestMusicGenerator" name="test_genre_content" time="0.186" /><testcase classname="backend.tests.test_devil_features.TestMusicGenerator" name="test_generate_music_requires_auth" time="0.216" /><testcase classname="backend.tests.test_devil_features.TestKidsMode" name="test_get_templates_no_auth" time="0.258" /><testcase classname="backend.tests.test_devil_features.TestKidsMode" name="test_template_structure" time="0.169" /><testcase classname="backend.tests.test_devil_features.TestKidsMode" name="test_template_content" time="0.164" /><testcase classname="backend.tests.test_devil_features.TestKidsMode" name="test_usage_requires_auth" time="0.182" /><testcase classname="backend.tests.test_devil_features.TestKidsMode" name="test_create_requires_auth" time="0.193" /><testcase classname="backend.tests.test_devil_features.TestVoiceMarketplace" name="test_marketplace_public" time="0.228" /><testcase classname="backend.tests.test_devil_features.TestVoiceMarketplace" name="test_my_voices_requires_auth" time="0.170" /><testcase classname="backend.tests.test_devil_features.TestTimeMachine" name="test_my_videos_requires_auth" time="0.165" /><testcase classname="backend.tests.test_devil_features.TestVideoChat" name="test_filters_public" time="0.262" /><testcase classname="backend.tests.test_devil_features.TestVideoChat" name="test_call_history_requires_auth" time="0.239" /><testcase classname="backend.tests.test_devil_features.TestLiveStreaming" name="test_discover_streams_public" time="0.280" /><testcase classname="backend.tests.test_devil_features.TestLiveStreaming" name="test_my_streams_requires_auth" time="0.225" /><testcase classname="backend.tests.test_devil_features.TestAvatarCreator" name="test_my_avatars_requires_auth" time="0.201" /><testcase classname="backend.tests.test_devil_features.TestHologramMessages" name="test_my_holograms_requires_auth" time="0.166" /><testcase classname="backend.tests.test_devil_features.TestAuthenticatedEndpoints" name="test_music_generate_with_auth" time="0.192" /><testcase classname="backend.tests.test_devil_features.TestAuthenticatedEndpoints" name="test_kids_usage_with_auth" time="0.198" /><testcase classname="backend.tests.test_devil_features.TestAuthenticatedEndpoints" name="test_kids_create_with_auth" time="0.381" /><testcase classname="backend.tests.test_devil_features.TestAuthenticatedEndpoints" name="test_kids_create_unsafe_content_rejected" time="0.185" /><testcase classname="backend.tests.test_devil_features.TestAuthenticatedEndpoints" name="test_voice_marketplace_with_auth" time="0.191" /><testcase classname="backend.tests.test_devil_features.TestAuthenticatedEndpoints" name="test_voice_marketplace_my_voices_with_auth" time="0.207" /><testcase classname="backend.tests.test_devil_features.TestAuthenticatedEndpoints" name="test_time_machine_my_videos_with_auth" time="0.267" /><testcase classname="backend.tests.test_devil_features.TestAuthenticatedEndpoints" name="test_video_chat_filters_with_auth" time="0.168" /><testcase classname="backend.tests.test_devil_features.TestAuthenticatedEndpoints" name="test_video_chat_history_with_auth" time="0.193" /><testcase classname="backend.tests.test_devil_features.TestAuthenticatedEndpoints" name="test_live_streaming_discover_with_auth" time="0.176" /><testcase classname="backend.tests.test_devil_features.TestAuthenticatedEndpoints" name="test_live_streaming_my_streams_with_auth" time="0.170" /><testcase classname="backend.tests.test_devil_features.TestAuthenticatedEndpoints" name="test_avatar_creator_my_avatars_with_auth" time="0.179" /><testcase classname="backend.tests.test_devil_features.TestAuthenticatedEndpoints" name="test_hologram_messages_my_holograms_with_auth" time="0.252" /><testcase classname="backend.tests.test_devil_features.TestAuthenticatedEndpoints" name="test_kids_my_movies_with_auth" time="0.200" /></testsuite></testsuites>