<?xml version="1.0" encoding="utf-8"?><testsuites name="pytest tests"><testsuite name="pytest" errors="0" failures="0" skipped="0" tests="11" time="2.579" timestamp="2026-03-15T17:35:00.563916+00:00" hostname="agent-env-4a0259b6-d8a5-451b-b2e4-f1285d411e78"><testcase classname="backend.tests.test_voice_notes.TestVoiceNotesAPI" name="test_upload_voice_note_no_file" time="0.665" /><testcase classname="backend.tests.test_voice_notes.TestVoiceNotesAPI" name="test_upload_voice_note_invalid_type" time="0.134" /><testcase classname="backend.tests.test_voice_notes.TestVoiceNotesAPI" name="test_get_nonexistent_voice_note" time="0.162" /><testcase classname="backend.tests.test_voice_notes.TestVoiceNotesAPI" name="test_delete_nonexistent_voice_note" time="0.141" /><testcase classname="backend.tests.test_voice_notes.TestChatIntegration" name="test_get_friends_list" time="0.160" /><testcase classname="backend.tests.test_voice_notes.TestChatIntegration" name="test_get_friend_requests" time="0.145" /><testcase classname="backend.tests.test_voice_notes.TestChatIntegration" name="test_get_messages_with_friend" time="0.277" /><testcase classname="backend.tests.test_voice_notes.TestChatIntegration" name="test_search_user" time="0.177" /><testcase classname="backend.tests.test_voice_notes.TestAuthAndUser" name="test_auth_me" time="0.139" /><testcase classname="backend.tests.test_voice_notes.TestStreaksIntegration" name="test_get_streak_with_friend" time="0.307" /><testcase classname="backend.tests.test_voice_notes.TestMediaEndpoints" name="test_media_directory_accessible" time="0.141" /></testsuite></testsuites>