<?xml version="1.0" encoding="utf-8"?><testsuites name="pytest tests"><testsuite name="pytest" errors="0" failures="0" skipped="0" tests="15" time="15.915" timestamp="2026-03-22T12:43:37.378764+00:00" hostname="agent-env-4a0259b6-d8a5-451b-b2e4-f1285d411e78"><testcase classname="backend.tests.test_game_challenges.TestGameChallengeSystem" name="test_get_active_challenges" time="5.169" /><testcase classname="backend.tests.test_game_challenges.TestGameChallengeSystem" name="test_send_challenge_requires_friend" time="0.604" /><testcase classname="backend.tests.test_game_challenges.TestGameChallengeSystem" name="test_send_challenge_invalid_game_type" time="0.606" /><testcase classname="backend.tests.test_game_challenges.TestGameChallengeSystem" name="test_send_duel_challenge_requires_wager" time="0.691" /><testcase classname="backend.tests.test_game_challenges.TestGameChallengeSystem" name="test_send_duel_challenge_wager_validation" time="0.639" /><testcase classname="backend.tests.test_game_challenges.TestGameChallengeSystem" name="test_send_speed_dialer_challenge" time="0.606" /><testcase classname="backend.tests.test_game_challenges.TestGameChallengeSystem" name="test_send_phish_finder_challenge" time="0.667" /><testcase classname="backend.tests.test_game_challenges.TestGameChallengeSystem" name="test_respond_to_nonexistent_challenge" time="0.603" /><testcase classname="backend.tests.test_game_challenges.TestGameChallengeSystem" name="test_respond_invalid_action" time="0.579" /><testcase classname="backend.tests.test_game_challenges.TestGameChallengeSystem" name="test_chat_messages_endpoint" time="0.795" /><testcase classname="backend.tests.test_game_challenges.TestGameChallengeSystem" name="test_friends_endpoint" time="0.778" /><testcase classname="backend.tests.test_game_challenges.TestGameChallengeSystem" name="test_duel_feed_endpoint" time="0.603" /><testcase classname="backend.tests.test_game_challenges.TestGameChallengeSystem" name="test_duel_stats_endpoint" time="0.673" /><testcase classname="backend.tests.test_game_challenges.TestGameChallengeSystem" name="test_gamification_profile" time="0.740" /><testcase classname="backend.tests.test_game_challenges.TestChallengeFlowE2E" name="test_full_challenge_send_flow" time="1.897" /></testsuite></testsuites>