<?xml version="1.0" encoding="utf-8"?><testsuites name="pytest tests"><testsuite name="pytest" errors="0" failures="0" skipped="0" tests="12" time="17.982" timestamp="2026-03-18T12:22:02.529233+00:00" hostname="agent-env-4a0259b6-d8a5-451b-b2e4-f1285d411e78"><testcase classname="backend.tests.test_phone_numbers_presets.TestPhoneNumberSearchEndpoint" name="test_search_endpoint_exists" time="10.512" /><testcase classname="backend.tests.test_phone_numbers_presets.TestPhoneNumberSearchEndpoint" name="test_search_with_preset_parameter" time="3.583" /><testcase classname="backend.tests.test_phone_numbers_presets.TestPhoneNumberSearchEndpoint" name="test_search_response_format" time="0.469" /><testcase classname="backend.tests.test_phone_numbers_presets.TestCountriesEndpoint" name="test_countries_endpoint" time="0.139" /><testcase classname="backend.tests.test_phone_numbers_presets.TestMyNumbersEndpoint" name="test_my_numbers_endpoint" time="0.525" /><testcase classname="backend.tests.test_phone_numbers_presets.TestPresetFilteringLogic" name="test_us_numbers_have_whatsapp_tag" time="0.599" /><testcase classname="backend.tests.test_phone_numbers_presets.TestPresetFilteringLogic" name="test_us_numbers_have_dating_tag" time="0.508" /><testcase classname="backend.tests.test_phone_numbers_presets.TestPresetFilteringLogic" name="test_all_numbers_have_ai_testing_tag" time="0.534" /><testcase classname="backend.tests.test_phone_numbers_presets.TestPresetFilteringLogic" name="test_gb_numbers_have_business_tag" time="0.540" /><testcase classname="backend.tests.test_phone_numbers_presets.TestAuthenticationRequired" name="test_search_requires_auth" time="0.138" /><testcase classname="backend.tests.test_phone_numbers_presets.TestAuthenticationRequired" name="test_my_numbers_requires_auth" time="0.142" /><testcase classname="backend.tests.test_phone_numbers_presets.TestAuthenticationRequired" name="test_countries_is_public" time="0.132" /></testsuite></testsuites>