<?xml version="1.0" encoding="utf-8"?><testsuites name="pytest tests"><testsuite name="pytest" errors="0" failures="0" skipped="0" tests="27" time="13.642" timestamp="2026-03-15T15:26:20.338533+00:00" hostname="agent-env-4a0259b6-d8a5-451b-b2e4-f1285d411e78"><testcase classname="tests.test_phase2_social.TestAuthentication" name="test_login_success" time="2.865" /><testcase classname="tests.test_phase2_social.TestChannelsAPI" name="test_discover_channels" time="0.679" /><testcase classname="tests.test_phase2_social.TestChannelsAPI" name="test_my_channels" time="0.172" /><testcase classname="tests.test_phase2_social.TestChannelsAPI" name="test_create_channel" time="0.152" /><testcase classname="tests.test_phase2_social.TestChannelsAPI" name="test_get_channel_details" time="0.304" /><testcase classname="tests.test_phase2_social.TestChannelsAPI" name="test_join_leave_channel" time="0.316" /><testcase classname="tests.test_phase2_social.TestChannelsAPI" name="test_update_channel" time="0.300" /><testcase classname="tests.test_phase2_social.TestChannelsAPI" name="test_delete_channel" time="0.450" /><testcase classname="tests.test_phase2_social.TestPostsAPI" name="test_get_feed" time="0.674" /><testcase classname="tests.test_phase2_social.TestPostsAPI" name="test_create_post" time="0.313" /><testcase classname="tests.test_phase2_social.TestPostsAPI" name="test_get_channel_posts" time="0.339" /><testcase classname="tests.test_phase2_social.TestPostsAPI" name="test_get_single_post" time="0.311" /><testcase classname="tests.test_phase2_social.TestPostsAPI" name="test_like_unlike_post" time="0.465" /><testcase classname="tests.test_phase2_social.TestPostsAPI" name="test_update_post" time="0.291" /><testcase classname="tests.test_phase2_social.TestPostsAPI" name="test_delete_post" time="0.465" /><testcase classname="tests.test_phase2_social.TestCommentsAPI" name="test_add_comment" time="0.997" /><testcase classname="tests.test_phase2_social.TestCommentsAPI" name="test_get_comments" time="0.347" /><testcase classname="tests.test_phase2_social.TestCommentsAPI" name="test_delete_comment" time="0.352" /><testcase classname="tests.test_phase2_social.TestChatWrappedAPI" name="test_get_monthly_recap" time="0.675" /><testcase classname="tests.test_phase2_social.TestChatWrappedAPI" name="test_get_yearly_recap" time="0.137" /><testcase classname="tests.test_phase2_social.TestChatWrappedAPI" name="test_get_available_periods" time="0.152" /><testcase classname="tests.test_phase2_social.TestChatWrappedAPI" name="test_invalid_period" time="0.139" /><testcase classname="tests.test_phase2_social.TestPhase1StreaksAPI" name="test_get_all_streaks" time="0.683" /><testcase classname="tests.test_phase2_social.TestPhase1StreaksAPI" name="test_get_leaderboard" time="0.141" /><testcase classname="tests.test_phase2_social.TestPhase1MediaAPI" name="test_get_popular_stickers" time="0.658" /><testcase classname="tests.test_phase2_social.TestPhase1MediaAPI" name="test_get_my_stickers" time="0.307" /><testcase classname="tests.test_phase2_social.TestChatStatsAPI" name="test_get_all_stats_summary" time="0.738" /></testsuite></testsuites>