<?xml version="1.0" encoding="utf-8"?><testsuites name="pytest tests"><testsuite name="pytest" errors="0" failures="1" skipped="0" tests="13" time="19.992" timestamp="2026-03-25T14:35:07.551028+00:00" hostname="agent-env-4a0259b6-d8a5-451b-b2e4-f1285d411e78"><testcase classname="backend.tests.test_smm_reseller.TestSMMPublicEndpoints" name="test_get_categories" time="0.366" /><testcase classname="backend.tests.test_smm_reseller.TestSMMPublicEndpoints" name="test_get_services_catalog" time="1.294" /><testcase classname="backend.tests.test_smm_reseller.TestSMMPublicEndpoints" name="test_filter_services_by_category" time="0.441" /><testcase classname="backend.tests.test_smm_reseller.TestSMMAuthentication" name="test_login_success" time="0.980" /><testcase classname="backend.tests.test_smm_reseller.TestSMMAuthentication" name="test_get_wallet_balance" time="1.038" /><testcase classname="backend.tests.test_smm_reseller.TestSMMOrderFlow" name="test_get_my_orders_empty" time="1.271" /><testcase classname="backend.tests.test_smm_reseller.TestSMMOrderFlow" name="test_get_smm_stats" time="1.048" /><testcase classname="backend.tests.test_smm_reseller.TestSMMOrderFlow" name="test_create_order_insufficient_balance" time="2.689"><failure message="assert 200 == 400&#10; +  where 200 = &lt;Response [200]&gt;.status_code">backend/tests/test_smm_reseller.py:209: in test_create_order_insufficient_balance
    assert response.status_code == 400
E   assert 200 == 400
E    +  where 200 = &lt;Response [200]&gt;.status_code</failure></testcase><testcase classname="backend.tests.test_smm_reseller.TestSMMOrderFlow" name="test_create_order_invalid_service" time="0.946" /><testcase classname="backend.tests.test_smm_reseller.TestSMMOrderFlow" name="test_create_order_quantity_validation" time="1.956" /><testcase classname="backend.tests.test_smm_reseller.TestSMMOrderFlow" name="test_create_order_success" time="3.373" /><testcase classname="backend.tests.test_smm_reseller.TestSMMOrderFlow" name="test_get_order_status" time="1.708" /><testcase classname="backend.tests.test_smm_reseller.TestSMMAdminEndpoints" name="test_get_provider_balance" time="2.371" /></testsuite></testsuites>