<?xml version="1.0" encoding="utf-8"?><testsuites name="pytest tests"><testsuite name="pytest" errors="0" failures="0" skipped="0" tests="16" time="6.985" timestamp="2026-03-15T13:22:06.539042+00:00" hostname="agent-env-4a0259b6-d8a5-451b-b2e4-f1285d411e78"><testcase classname="tests.test_streaks_media.TestAuth" name="test_login" time="0.513" /><testcase classname="tests.test_streaks_media.TestStreakSystem" name="test_get_streak_unauthenticated" time="0.146" /><testcase classname="tests.test_streaks_media.TestStreakSystem" name="test_get_streak_with_auth" time="0.535" /><testcase classname="tests.test_streaks_media.TestStreakSystem" name="test_update_streak_unauthenticated" time="0.128" /><testcase classname="tests.test_streaks_media.TestStreakSystem" name="test_update_streak_with_auth" time="0.532" /><testcase classname="tests.test_streaks_media.TestStreakSystem" name="test_get_all_streaks" time="0.535" /><testcase classname="tests.test_streaks_media.TestStreakSystem" name="test_get_streak_leaderboard" time="0.153" /><testcase classname="tests.test_streaks_media.TestStreakSystem" name="test_plant_stage_progression" time="0.769" /><testcase classname="tests.test_streaks_media.TestMediaUpload" name="test_upload_image_unauthenticated" time="0.181" /><testcase classname="tests.test_streaks_media.TestMediaUpload" name="test_upload_image_with_auth" time="0.619" /><testcase classname="tests.test_streaks_media.TestMediaUpload" name="test_upload_video_unauthenticated" time="0.140" /><testcase classname="tests.test_streaks_media.TestMediaUpload" name="test_get_popular_stickers" time="0.132" /><testcase classname="tests.test_streaks_media.TestMediaUpload" name="test_get_my_stickers" time="0.556" /><testcase classname="tests.test_streaks_media.TestMediaUpload" name="test_invalid_file_type" time="0.678" /><testcase classname="tests.test_streaks_media.TestChatIntegration" name="test_get_friends" time="0.548" /><testcase classname="tests.test_streaks_media.TestChatIntegration" name="test_friend_requests" time="0.537" /></testsuite></testsuites>