<?xml version="1.0" encoding="utf-8"?><testsuites name="pytest tests"><testsuite name="pytest" errors="0" failures="0" skipped="0" tests="12" time="43.749" timestamp="2026-03-15T19:13:03.697344+00:00" hostname="agent-env-4a0259b6-d8a5-451b-b2e4-f1285d411e78"><testcase classname="backend.tests.test_ai_settings_integration.TestAISettingsAPI" name="test_get_ai_settings_returns_defaults" time="20.932" /><testcase classname="backend.tests.test_ai_settings_integration.TestAISettingsAPI" name="test_post_ai_settings_saves_preferences" time="1.227" /><testcase classname="backend.tests.test_ai_settings_integration.TestAISettingsAPI" name="test_post_ai_settings_updates_existing" time="1.793" /><testcase classname="backend.tests.test_ai_settings_integration.TestAISettingsAPI" name="test_ai_settings_without_auth_fails" time="1.181" /><testcase classname="backend.tests.test_ai_settings_integration.TestSmartRepliesIntegration" name="test_smart_replies_accepts_ai_tone_friendly" time="3.876" /><testcase classname="backend.tests.test_ai_settings_integration.TestSmartRepliesIntegration" name="test_smart_replies_accepts_ai_tone_professional" time="1.326" /><testcase classname="backend.tests.test_ai_settings_integration.TestSmartRepliesIntegration" name="test_smart_replies_accepts_ai_tone_casual" time="1.702" /><testcase classname="backend.tests.test_ai_settings_integration.TestSmartRepliesIntegration" name="test_smart_replies_with_conversation_history" time="2.590" /><testcase classname="backend.tests.test_ai_settings_integration.TestTranslationIntegration" name="test_translation_to_preferred_language" time="1.894" /><testcase classname="backend.tests.test_ai_settings_integration.TestTranslationIntegration" name="test_translation_to_quick_translate_language" time="1.299" /><testcase classname="backend.tests.test_ai_settings_integration.TestTranslationIntegration" name="test_translation_multiple_languages" time="3.190" /><testcase classname="backend.tests.test_ai_settings_integration.TestSettingsPersistence" name="test_settings_persist_after_update" time="1.757" /></testsuite></testsuites>