<?xml version="1.0" encoding="utf-8"?><testsuites name="pytest tests"><testsuite name="pytest" errors="0" failures="0" skipped="0" tests="23" time="19.332" timestamp="2026-03-14T12:34:29.410288+00:00" hostname="agent-env-4a0259b6-d8a5-451b-b2e4-f1285d411e78"><testcase classname="backend.tests.test_teams_voicemail_ai.TestTeamsAPI" name="test_create_team" time="1.592" /><testcase classname="backend.tests.test_teams_voicemail_ai.TestTeamsAPI" name="test_get_my_teams" time="0.218" /><testcase classname="backend.tests.test_teams_voicemail_ai.TestTeamsAPI" name="test_get_team_details" time="0.294" /><testcase classname="backend.tests.test_teams_voicemail_ai.TestTeamsAPI" name="test_update_team" time="0.303" /><testcase classname="backend.tests.test_teams_voicemail_ai.TestTeamsAPI" name="test_invite_member_user_not_found" time="0.324" /><testcase classname="backend.tests.test_teams_voicemail_ai.TestTeamsAPI" name="test_invite_existing_member" time="1.333" /><testcase classname="backend.tests.test_teams_voicemail_ai.TestTeamsAPI" name="test_get_team_numbers_empty" time="0.217" /><testcase classname="backend.tests.test_teams_voicemail_ai.TestTeamsAPI" name="test_get_team_activity" time="0.210" /><testcase classname="backend.tests.test_teams_voicemail_ai.TestTeamsAPI" name="test_get_nonexistent_team" time="0.327" /><testcase classname="backend.tests.test_teams_voicemail_ai.TestVoicemailAPI" name="test_get_voicemail_list" time="1.480" /><testcase classname="backend.tests.test_teams_voicemail_ai.TestVoicemailAPI" name="test_get_voicemail_list_unread_only" time="0.277" /><testcase classname="backend.tests.test_teams_voicemail_ai.TestVoicemailAPI" name="test_get_voicemail_stats" time="0.260" /><testcase classname="backend.tests.test_teams_voicemail_ai.TestVoicemailAPI" name="test_get_voicemail_settings" time="0.209" /><testcase classname="backend.tests.test_teams_voicemail_ai.TestVoicemailAPI" name="test_update_voicemail_settings" time="0.457" /><testcase classname="backend.tests.test_teams_voicemail_ai.TestVoicemailAPI" name="test_get_nonexistent_voicemail" time="0.283" /><testcase classname="backend.tests.test_teams_voicemail_ai.TestVoicemailAPI" name="test_get_call_recordings" time="0.239" /><testcase classname="backend.tests.test_teams_voicemail_ai.TestAIAssistantAPI" name="test_smart_reply" time="3.434" /><testcase classname="backend.tests.test_teams_voicemail_ai.TestAIAssistantAPI" name="test_sentiment_analysis" time="1.199" /><testcase classname="backend.tests.test_teams_voicemail_ai.TestAIAssistantAPI" name="test_message_categorization" time="0.709" /><testcase classname="backend.tests.test_teams_voicemail_ai.TestAIAssistantAPI" name="test_spam_check" time="2.629" /><testcase classname="backend.tests.test_teams_voicemail_ai.TestAIAssistantAPI" name="test_message_enhancement" time="0.635" /><testcase classname="backend.tests.test_teams_voicemail_ai.TestAIAssistantAPI" name="test_ai_stats" time="0.345" /><testcase classname="backend.tests.test_teams_voicemail_ai.TestCleanup" name="test_delete_team" time="1.651" /></testsuite></testsuites>