<?xml version="1.0" encoding="utf-8"?><testsuites name="pytest tests"><testsuite name="pytest" errors="0" failures="0" skipped="0" tests="18" time="17.339" timestamp="2026-03-25T10:38:24.713225+00:00" hostname="agent-env-4a0259b6-d8a5-451b-b2e4-f1285d411e78"><testcase classname="backend.tests.test_full_platform_qa.TestAuthFlow" name="test_login_existing_user" time="6.010" /><testcase classname="backend.tests.test_full_platform_qa.TestAuthFlow" name="test_login_invalid_credentials" time="0.202" /><testcase classname="backend.tests.test_full_platform_qa.TestAuthFlow" name="test_signup_new_user" time="0.557" /><testcase classname="backend.tests.test_full_platform_qa.TestAuthFlow" name="test_get_current_user" time="0.551" /><testcase classname="backend.tests.test_full_platform_qa.TestWalletFlow" name="test_get_wallet_balance" time="0.531" /><testcase classname="backend.tests.test_full_platform_qa.TestWalletFlow" name="test_get_transactions" time="0.561" /><testcase classname="backend.tests.test_full_platform_qa.TestWalletFlow" name="test_get_pricing" time="0.543" /><testcase classname="backend.tests.test_full_platform_qa.TestWalletFlow" name="test_insufficient_balance_handling" time="0.539" /><testcase classname="backend.tests.test_full_platform_qa.TestVirtualNumberMarketplace" name="test_search_numbers_public" time="0.530" /><testcase classname="backend.tests.test_full_platform_qa.TestVirtualNumberMarketplace" name="test_get_my_numbers" time="0.604" /><testcase classname="backend.tests.test_full_platform_qa.TestVirtualNumberMarketplace" name="test_purchase_insufficient_balance" time="1.505" /><testcase classname="backend.tests.test_full_platform_qa.TestGhostVerification" name="test_get_verification_services_public" time="0.897" /><testcase classname="backend.tests.test_full_platform_qa.TestGhostVerification" name="test_get_verification_history" time="0.643" /><testcase classname="backend.tests.test_full_platform_qa.TestGhostVerification" name="test_purchase_verification_insufficient_balance" time="0.532" /><testcase classname="backend.tests.test_full_platform_qa.TestSMSFeatures" name="test_get_sms_inbox" time="0.610" /><testcase classname="backend.tests.test_full_platform_qa.TestNavigationEndpoints" name="test_dashboard_endpoints" time="0.747" /><testcase classname="backend.tests.test_full_platform_qa.TestNavigationEndpoints" name="test_public_endpoints" time="1.320" /><testcase classname="backend.tests.test_full_platform_qa.TestCreditPackages" name="test_get_credit_packages" time="0.138" /></testsuite></testsuites>