<?xml version="1.0" encoding="utf-8"?><testsuites name="pytest tests"><testsuite name="pytest" errors="0" failures="0" skipped="1" tests="13" time="4.108" timestamp="2026-03-15T21:05:29.202409+00:00" hostname="agent-env-4a0259b6-d8a5-451b-b2e4-f1285d411e78"><testcase classname="backend.tests.test_gamification.TestGamificationAPIs" name="test_gamification_profile_returns_data" time="0.592" /><testcase classname="backend.tests.test_gamification.TestGamificationAPIs" name="test_gamification_profile_level_info" time="0.167" /><testcase classname="backend.tests.test_gamification.TestGamificationAPIs" name="test_gamification_achievements_categories" time="0.154" /><testcase classname="backend.tests.test_gamification.TestGamificationAPIs" name="test_achievements_have_earned_status" time="0.133" /><testcase classname="backend.tests.test_gamification.TestGamificationAPIs" name="test_gamification_leaderboard" time="0.201" /><testcase classname="backend.tests.test_gamification.TestGamificationAPIs" name="test_leaderboard_limit_parameter" time="0.160" /><testcase classname="backend.tests.test_gamification.TestGamificationAPIs" name="test_daily_login_records_streak" time="0.135" /><testcase classname="backend.tests.test_gamification.TestGamificationAPIs" name="test_profile_requires_auth" time="0.140" /><testcase classname="backend.tests.test_gamification.TestGamificationAPIs" name="test_achievements_requires_auth" time="0.120" /><testcase classname="backend.tests.test_gamification.TestStoryXPIntegration" name="test_story_creation_response_includes_gamification" time="0.548" /><testcase classname="backend.tests.test_gamification.TestVoiceNoteXPIntegration" name="test_voice_note_upload_returns_gamification_data" time="0.855"><skipped type="pytest.skip" message="Voice note upload failed with status 404: {&quot;detail&quot;:&quot;Not Found&quot;}">/app/backend/tests/test_gamification.py:326: Voice note upload failed with status 404: {"detail":"Not Found"}</skipped></testcase><testcase classname="backend.tests.test_gamification.TestAwardXPFunction" name="test_xp_accumulates_correctly" time="0.637" /><testcase classname="backend.tests.test_gamification.TestAwardXPFunction" name="test_level_calculation_is_correct" time="0.138" /></testsuite></testsuites>