<?xml version="1.0" encoding="utf-8"?><testsuites name="pytest tests"><testsuite name="pytest" errors="0" failures="0" skipped="1" tests="12" time="6.556" timestamp="2026-03-25T10:20:28.025609+00:00" hostname="agent-env-4a0259b6-d8a5-451b-b2e4-f1285d411e78"><testcase classname="tests.test_virtual_number_marketplace.TestVirtualNumberSearch" name="test_search_returns_10_numbers" time="1.166" /><testcase classname="tests.test_virtual_number_marketplace.TestVirtualNumberSearch" name="test_search_number_structure" time="0.137" /><testcase classname="tests.test_virtual_number_marketplace.TestVirtualNumberSearch" name="test_search_public_no_auth_required" time="0.165" /><testcase classname="tests.test_virtual_number_marketplace.TestVirtualNumberSearch" name="test_search_with_country_filter" time="0.162" /><testcase classname="tests.test_virtual_number_marketplace.TestVirtualNumberPurchase" name="test_purchase_requires_auth" time="0.173" /><testcase classname="tests.test_virtual_number_marketplace.TestVirtualNumberPurchase" name="test_purchase_with_sufficient_balance" time="0.847" /><testcase classname="tests.test_virtual_number_marketplace.TestVirtualNumberPurchase" name="test_purchase_creates_transaction" time="0.698" /><testcase classname="tests.test_virtual_number_marketplace.TestMyNumbers" name="test_my_numbers_requires_auth" time="0.164" /><testcase classname="tests.test_virtual_number_marketplace.TestMyNumbers" name="test_my_numbers_returns_purchased" time="0.650" /><testcase classname="tests.test_virtual_number_marketplace.TestInsufficientBalance" name="test_purchase_fails_with_low_balance" time="0.674"><skipped type="pytest.skip" message="User has sufficient balance">/app/backend/tests/test_virtual_number_marketplace.py:231: User has sufficient balance</skipped></testcase><testcase classname="tests.test_virtual_number_marketplace.TestWalletIntegration" name="test_wallet_balance_endpoint" time="0.752" /><testcase classname="tests.test_virtual_number_marketplace.TestWalletIntegration" name="test_wallet_transactions_endpoint" time="0.746" /></testsuite></testsuites>